<?xml version="1.0" encoding="UTF-8"?>
<!-- Generated by org.testng.reporters.JUnitReportReporter -->
<testsuite skipped="0" hostname="DESKTOP-P1FR6H0" name="Academy.Homepage" tests="2" failures="0" timestamp="2021-04-20T10:25:11 IST" time="10.233" errors="0">
  <testcase name="basePageNavigations" time="7.066" classname="Academy.Homepage"/>
  <system-out/>
  <testcase name="basePageNavigations" time="3.167" classname="Academy.Homepage"/>
  <system-out/>
</testsuite> <!-- Academy.Homepage -->
