<?xml version="1.0" encoding="UTF-8"?>
<!-- Generated by org.testng.reporters.JUnitReportReporter -->
<testsuite skipped="0" hostname="DESKTOP-P1FR6H0" name="Academy.ValidationNavBars" tests="1" failures="0" timestamp="2021-04-20T10:25:11 IST" time="0.387" errors="0">
  <testcase name="validateAppNavBars" time="0.387" classname="Academy.ValidationNavBars"/>
  <system-out/>
</testsuite> <!-- Academy.ValidationNavBars -->
