<?xml version="1.0" encoding="UTF-8"?>
<!-- Generated by org.testng.reporters.JUnitReportReporter -->
<testsuite skipped="0" hostname="DESKTOP-P1FR6H0" name="Academy.AppTest" tests="1" failures="0" timestamp="2021-04-12T22:28:09 IST" time="0.011" errors="0">
  <testcase name="shouldAnswerWithTrue" time="0.011" classname="Academy.AppTest"/>
  <system-out/>
</testsuite> <!-- Academy.AppTest -->
