<?xml version="1.0" encoding="UTF-8"?>
<!-- Generated by org.testng.reporters.JUnitReportReporter -->
<testsuite skipped="0" hostname="DESKTOP-P1FR6H0" name="QATestPack.MavenJava.SeleniumTest" tests="1" failures="0" timestamp="2021-03-24T11:25:27 IST" time="0.033" errors="0">
  <testcase name="browserAuto" time="0.033" classname="QATestPack.MavenJava.SeleniumTest"/>
  <system-out/>
</testsuite> <!-- QATestPack.MavenJava.SeleniumTest -->
